<?xml version="1.0" encoding="UTF-8"?>
<robot generator="Robot 6.0.2 (Python 3.11.0 on win32)" generated="20230122 23:33:50.273" rpa="false" schemaversion="3">
<suite id="s1" name="testDemo6" source="C:\Users\valer\PycharmProjects\robotFrameworkDemo\tests\testDemo6.robot">
<test id="s1-t1" name="Validate succesful login and display child window" line="48">
<kw name="Create WebDriver with Firefox options" library="Driver" type="SETUP">
<kw name="Evaluate" library="BuiltIn">
<var>${firefox_options}</var>
<arg>selenium.webdriver.FirefoxOptions()</arg>
<doc>Evaluates the given expression in Python and returns the result.</doc>
<msg timestamp="20230122 23:33:50.584" level="INFO">${firefox_options} = &lt;selenium.webdriver.firefox.options.Options object at 0x0000022E533F50D0&gt;</msg>
<status status="PASS" starttime="20230122 23:33:50.583" endtime="20230122 23:33:50.584"/>
</kw>
<kw name="Call Method" library="BuiltIn">
<arg>${firefox_options}</arg>
<arg>add_argument</arg>
<arg>--start-maximized</arg>
<doc>Calls the named method of the given object with the provided arguments.</doc>
<status status="PASS" starttime="20230122 23:33:50.584" endtime="20230122 23:33:50.584"/>
</kw>
<kw name="Call Method" library="BuiltIn">
<arg>${firefox_options}</arg>
<arg>add_argument</arg>
<arg>--firefox</arg>
<doc>Calls the named method of the given object with the provided arguments.</doc>
<status status="PASS" starttime="20230122 23:33:50.584" endtime="20230122 23:33:50.585"/>
</kw>
<kw name="Create Webdriver" library="SeleniumLibrary">
<arg>Firefox</arg>
<arg>firefox_options=${firefox_options}</arg>
<doc>Creates an instance of Selenium WebDriver.</doc>
<msg timestamp="20230122 23:33:50.585" level="INFO">Creating an instance of the Firefox WebDriver.</msg>
<msg timestamp="20230122 23:33:50.585" level="INFO">Cannot capture screenshot because no browser is open.</msg>
<msg timestamp="20230122 23:33:50.585" level="FAIL">TypeError: WebDriver.__init__() got an unexpected keyword argument 'firefox_options'</msg>
<status status="FAIL" starttime="20230122 23:33:50.585" endtime="20230122 23:33:50.587"/>
</kw>
<kw name="Go To" library="SeleniumLibrary">
<arg>${url}</arg>
<doc>Navigates the current browser window to the provided ``url``.</doc>
<status status="NOT RUN" starttime="20230122 23:33:50.587" endtime="20230122 23:33:50.587"/>
</kw>
<status status="FAIL" starttime="20230122 23:33:50.583" endtime="20230122 23:33:50.588"/>
</kw>
<status status="FAIL" starttime="20230122 23:33:50.581" endtime="20230122 23:33:50.588">Setup failed:
TypeError: WebDriver.__init__() got an unexpected keyword argument 'firefox_options'</status>
</test>
<doc>To validate the Login form</doc>
<status status="FAIL" starttime="20230122 23:33:50.283" endtime="20230122 23:33:50.600"/>
</suite>
<statistics>
<total>
<stat pass="0" fail="1" skip="0">All Tests</stat>
</total>
<tag>
</tag>
<suite>
<stat pass="0" fail="1" skip="0" id="s1" name="testDemo6">testDemo6</stat>
</suite>
</statistics>
<errors>
</errors>
</robot>
